<?xml version="1.0" encoding="UTF-8"?>
<!-- Generated by org.testng.reporters.JUnitXMLReporter -->
<testsuite ignored="0" hostname="LTIN219782" failures="0" tests="21" name="EdgeTest" time="0.225" errors="0" timestamp="2024-02-27T17:02:35 IST">
  <testcase classname="testBase.BaseClass" name="@BeforeClass openbrowser" time="-1.709033555239E9">
    <failure type="org.testng.TestNGException" message="
Parameter &amp;apos;os&amp;apos; is required by BeforeClass on method openbrowser but has not been marked @Optional or defined
in C:\Users\2303999\myeclipseworkspace\Hackathon\CrossBrowserTestng.xml">
      <![CDATA[org.testng.TestNGException: 
Parameter 'os' is required by BeforeClass on method openbrowser but has not been marked @Optional or defined
in C:\Users\2303999\myeclipseworkspace\Hackathon\CrossBrowserTestng.xml
at java.base/java.util.ArrayList.forEach(ArrayList.java:1511)
... Removed 22 stack frames]]>
    </failure>
  </testcase> <!-- @BeforeClass openbrowser -->
  <testcase classname="testBase.BaseClass" name="@AfterClass closebrowser" time="-1.709033555278E9">
    <skipped/>
  </testcase> <!-- @AfterClass closebrowser -->
  <testcase classname="testBase.BaseClass" name="@BeforeClass openbrowser" time="-1.709033555284E9">
    <failure type="org.testng.TestNGException" message="
Parameter &amp;apos;os&amp;apos; is required by BeforeClass on method openbrowser but has not been marked @Optional or defined
in C:\Users\2303999\myeclipseworkspace\Hackathon\CrossBrowserTestng.xml">
      <![CDATA[org.testng.TestNGException: 
Parameter 'os' is required by BeforeClass on method openbrowser but has not been marked @Optional or defined
in C:\Users\2303999\myeclipseworkspace\Hackathon\CrossBrowserTestng.xml
at java.base/java.util.ArrayList.forEach(ArrayList.java:1511)
... Removed 22 stack frames]]>
    </failure>
  </testcase> <!-- @BeforeClass openbrowser -->
  <testcase classname="testBase.BaseClass" name="@AfterClass closebrowser" time="-1.709033555339E9">
    <skipped/>
  </testcase> <!-- @AfterClass closebrowser -->
  <testcase classname="testBase.BaseClass" name="@BeforeClass openbrowser" time="-1.709033555366E9">
    <failure type="org.testng.TestNGException" message="
Parameter &amp;apos;os&amp;apos; is required by BeforeClass on method openbrowser but has not been marked @Optional or defined
in C:\Users\2303999\myeclipseworkspace\Hackathon\CrossBrowserTestng.xml">
      <![CDATA[org.testng.TestNGException: 
Parameter 'os' is required by BeforeClass on method openbrowser but has not been marked @Optional or defined
in C:\Users\2303999\myeclipseworkspace\Hackathon\CrossBrowserTestng.xml
at java.base/java.util.ArrayList.forEach(ArrayList.java:1511)
... Removed 22 stack frames]]>
    </failure>
  </testcase> <!-- @BeforeClass openbrowser -->
  <testcase classname="testBase.BaseClass" name="@AfterClass closebrowser" time="-1.709033555457E9">
    <skipped/>
  </testcase> <!-- @AfterClass closebrowser -->
  <testcase classname="TestCases.CarLoanTest" name="Test1_001" time="0.0">
    <skipped/>
  </testcase> <!-- Test1_001 -->
  <testcase classname="TestCases.CarLoanTest" name="Test1_002" time="0.0">
    <skipped/>
  </testcase> <!-- Test1_002 -->
  <testcase classname="TestCases.CarLoanTest" name="Test1_003" time="0.0">
    <skipped/>
  </testcase> <!-- Test1_003 -->
  <testcase classname="TestCases.CarLoanTest" name="Test1_004" time="0.0">
    <skipped/>
  </testcase> <!-- Test1_004 -->
  <testcase classname="TestCases.HomeLoanTest" name="Test2_001" time="0.0">
    <skipped/>
  </testcase> <!-- Test2_001 -->
  <testcase classname="TestCases.HomeLoanTest" name="Test2_002" time="0.0">
    <skipped/>
  </testcase> <!-- Test2_002 -->
  <testcase classname="TestCases.HomeLoanTest" name="Test2_003" time="0.0">
    <skipped/>
  </testcase> <!-- Test2_003 -->
  <testcase classname="TestCases.HomeLoanTest" name="Test2_004" time="0.0">
    <skipped/>
  </testcase> <!-- Test2_004 -->
  <testcase classname="TestCases.HomeLoanTest" name="Test2_005" time="0.0">
    <skipped/>
  </testcase> <!-- Test2_005 -->
  <testcase classname="TestCases.HomeLoanTest" name="Test2_006" time="0.0">
    <skipped/>
  </testcase> <!-- Test2_006 -->
  <testcase classname="TestCases.LoanCalculatorTest" name="Test3_001" time="0.0">
    <skipped/>
  </testcase> <!-- Test3_001 -->
  <testcase classname="TestCases.LoanCalculatorTest" name="Test3_002" time="0.0">
    <skipped/>
  </testcase> <!-- Test3_002 -->
  <testcase classname="TestCases.LoanCalculatorTest" name="Test3_003" time="0.0">
    <skipped/>
  </testcase> <!-- Test3_003 -->
  <testcase classname="TestCases.LoanCalculatorTest" name="Test3_004" time="0.0">
    <skipped/>
  </testcase> <!-- Test3_004 -->
  <testcase classname="TestCases.LoanCalculatorTest" name="Test3_005" time="0.0">
    <skipped/>
  </testcase> <!-- Test3_005 -->
  <testcase classname="TestCases.LoanCalculatorTest" name="Test3_006" time="0.0">
    <skipped/>
  </testcase> <!-- Test3_006 -->
  <testcase classname="TestCases.LoanCalculatorTest" name="Test3_007" time="0.0">
    <skipped/>
  </testcase> <!-- Test3_007 -->
  <testcase classname="TestCases.LoanCalculatorTest" name="Test3_008" time="0.0">
    <skipped/>
  </testcase> <!-- Test3_008 -->
  <testcase classname="TestCases.LoanCalculatorTest" name="Test3_009" time="0.0">
    <skipped/>
  </testcase> <!-- Test3_009 -->
  <testcase classname="TestCases.LoanCalculatorTest" name="Test_010" time="0.0">
    <skipped/>
  </testcase> <!-- Test_010 -->
  <testcase classname="TestCases.LoanCalculatorTest" name="Test3_011" time="0.0">
    <skipped/>
  </testcase> <!-- Test3_011 -->
</testsuite> <!-- EdgeTest -->
